<?xml version="1.0" encoding="UTF-8"?>
<testsuites name="Mocha Tests" time="7.120" tests="1" failures="1">
  <testsuite name="Root Suite" timestamp="2025-10-05T17:18:38" tests="0" file="cypress/e2e/appointments.navigation.cy.ts" time="0.000" failures="0">
  </testsuite>
  <testsuite name="Appointments – list visibility" timestamp="2025-10-05T17:18:38" tests="1" time="7.114" failures="1">
    <testcase name="Appointments – list visibility navigates to Appointments via sidebar and (optionally) opens first item" time="0.000" classname="navigates to Appointments via sidebar and (optionally) opens first item">
      <failure message="Timed out retrying after 1000ms: Expected to find element: `a[href*=&quot;/appointments/&quot;]`, but never found it." type="AssertionError"><![CDATA[AssertionError: Timed out retrying after 1000ms: Expected to find element: `a[href*="/appointments/"]`, but never found it.
    at Context.eval (webpack://frontend/./cypress/e2e/appointments.navigation.cy.ts:56:11)
    at withinFn (http://localhost:5173/__cypress/runner/cypress_runner.js:135871:8)
    at <unknown> (http://localhost:5173/__cypress/runner/cypress_runner.js:135952:16)
    at __WEBPACK_DEFAULT_EXPORT__ (http://localhost:5173/__cypress/runner/cypress_runner.js:133787:10)
    at Context.within (http://localhost:5173/__cypress/runner/cypress_runner.js:135938:67)
    at wrapped (http://localhost:5173/__cypress/runner/cypress_runner.js:141596:19)]]></failure>
    </testcase>
  </testsuite>
</testsuites>